=====================================
[Korean]  제품에 대해 궁금한 점이 있으면 알려주세요.
[English]  <kpep_start> Please let me know if there is any questions about the product. <kpep_eos>
=====================================


=====================================
[Korean]  알겠습니다, 먼저 신어볼게요.
[English]  <kpep_start> OK, I'll check it first. <kpep_eos>
=====================================


=====================================
[Korean]  본 발명은 화합물, 이의 조성물, 및 이를 사용하는 방법을 제공한다.
[English]  <kpep_start> The present invention provides compounds of formula (I) and methods of using the same <kpep_eos>
=====================================


=====================================
[Korean]  다시 한 번 하겠습니다.
[English]  <kpep_start> I'll do it again once again. <kpep_eos>
=====================================


=====================================
[Korean]  저에게 따뜻한 차를 좀 주실 수 있나요?
[English]  <kpep_start> Can you please buy a warm car. <kpep_eos>
=====================================


=====================================
[Korean]  AAA1에 어떻게 도움이 될까요?
[English]  <kpep_start> How can I help you? <kpep_eos>
=====================================


=====================================
[Korean]  그러나 우리는 귀하와 이에 대해 논의할 수 있습니다.
[English]  <kpep_start> But we can discuss this. <kpep_eos>
=====================================


=====================================
[Korean]  예, 그렇습니다, 어떻게 도와드릴까요?
[English]  <kpep_start> Yes, how can I help you? <kpep_eos>
=====================================


=====================================
[Korean]  우리는 국가의 혁신을 즐길 수도 있습니다.
[English]  <kpep_start> We can enjoy the innovation of the country. <kpep_eos>
=====================================


=====================================
[Korean]  상기 제1 전극 및 상기 제2 전극 어레이는 링 모양으로 형성될 수 있다.
[English]  <kpep_start> The first electrode and the second electrode may be formed in a ring shape. <kpep_eos>
=====================================


=====================================
[Korean]  압력 결합 복합 재료는 적어도 한 층의 안정화된 저탄소강 코어 재료와 한 층의 스테인리스강을 포함한다. 여기서 안정화된 탄소강은 컬럼듐과 탄소강에서 탄소강으로의 탄소 이동을 방지하는 데 효과적인 다른 한 층의 탄화물 형성 요소를 포함한다. 스테인리스강과 복합재료는 물리적 입자의 크기가 astm #6 이하입니다.
[English]  <kpep_start> A pressure binding composite material includes a core material of a layer of a layer of a layer of a layer of at least one layer of a layer of a layer of a layer of a layer of a
=====================================


=====================================
[Korean]  우리가 오늘 보는 공연은 음식을 먹으면서 볼 수 있대.
[English]  <kpep_start> Can we see the food we see today. <kpep_eos>
=====================================


=====================================
[Korean]  네, 다시 확인할게요.
[English]  <kpep_start> Yes, I'll contact you again. <kpep_eos>
=====================================


=====================================
[Korean]  어떤 점이 궁금하신가요?
[English]  <kpep_start> What is it? <kpep_eos>
=====================================


=====================================
[Korean]  모두 제가 치료를 받는 동안 매우 친절하고 도움이 되었습니다.
[English]  <kpep_start> All of them were very helpful for me during the treatment. <kpep_eos>
=====================================


=====================================
[Korean]  실은 아직 그것을 검토하지 못했습니다.
[English]  <kpep_start> I haven't received it yet. <kpep_eos>
=====================================


=====================================
[Korean]  좋아요, 이 메시지를 그들에게 전하겠습니다.
[English]  <kpep_start> OK, I'll send you this message to you. <kpep_eos>
=====================================


=====================================
[Korean]  말 잘했어요, 제가 완벽한 사람을 알고 있다고 생각해요.
[English]  <kpep_start> I think you know that I know the perfect person at the end of the year. <kpep_eos>
=====================================


=====================================
[Korean]  안녕하세요, 저는 BBB의 AAA입니다.
[English]  <kpep_start> Hello, this is AAA from BBB. <kpep_eos>
=====================================


=====================================
[Korean]  어느 상황에서든 훌륭한 포장 재료가 될 것입니다.
[English]  <kpep_start> It will be a great packaging material. <kpep_eos>
=====================================


=====================================
[Korean]  나는 또한 당신의 회사에 대해 들었습니다.
[English]  <kpep_start> I also heard about your company. <kpep_eos>
=====================================